Determining if the pthread_create exist failed with the following output:
Change Dir: /home/jimmy/carto_ws/build_isolated/cartographer_ros_msgs/CMakeFiles/CMakeTmp

Run Build Command:"/usr/bin/ninja" "cmTryCompileExec2429450119"
[1/2] Building C object CMakeFiles/cmTryCompileExec2429450119.dir/CheckSymbolExists.c.o
[2/2] Linking C executable cmTryCompileExec2429450119
FAILED: : && /usr/bin/cc     CMakeFiles/cmTryCompileExec2429450119.dir/CheckSymbolExists.c.o  -o cmTryCompileExec2429450119  -rdynamic && :
CMakeFiles/cmTryCompileExec2429450119.dir/CheckSymbolExists.c.o：在函数‘main’中：
CheckSymbolExists.c:(.text+0x16)：对‘pthread_create’未定义的引用
collect2: error: ld returned 1 exit status
ninja: build stopped: subcommand failed.

File /home/jimmy/carto_ws/build_isolated/cartographer_ros_msgs/CMakeFiles/CMakeTmp/CheckSymbolExists.c:
/* */
#include <pthread.h>

int main(int argc, char** argv)
{
  (void)argv;
#ifndef pthread_create
  return ((int*)(&pthread_create))[argc];
#else
  (void)argc;
  return 0;
#endif
}

Determining if the function pthread_create exists in the pthreads failed with the following output:
Change Dir: /home/jimmy/carto_ws/build_isolated/cartographer_ros_msgs/CMakeFiles/CMakeTmp

Run Build Command:"/usr/bin/ninja" "cmTryCompileExec919713913"
[1/2] Building C object CMakeFiles/cmTryCompileExec919713913.dir/CheckFunctionExists.c.o
[2/2] Linking C executable cmTryCompileExec919713913
FAILED: : && /usr/bin/cc  -DCHECK_FUNCTION_EXISTS=pthread_create   CMakeFiles/cmTryCompileExec919713913.dir/CheckFunctionExists.c.o  -o cmTryCompileExec919713913  -rdynamic -lpthreads && :
/usr/bin/ld: 找不到 -lpthreads
collect2: error: ld returned 1 exit status
ninja: build stopped: subcommand failed.


